Arguments: 
  C:\Program Files\nodejs\node.exe C:\Users\Samir\AppData\Roaming\npm\node_modules\yarn\bin\yarn.js install

PATH: 
  C:\Program Files\PowerShell\7;C:\Program Files\Common Files\Oracle\Java\javapath;C:\Program Files\Zulu\zulu-18\bin\;C:\Windows\system32;C:\Windows;C:\Windows\System32\Wbem;C:\Windows\System32\WindowsPowerShell\v1.0\;C:\Windows\System32\OpenSSH\;C:\Program Files (x86)\NVIDIA Corporation\PhysX\Common;C:\Program Files\NVIDIA Corporation\NVIDIA NvDLISR;C:\Program Files\dotnet\;C:\Program Files\Git\cmd;C:\Program Files\Symfony;C:\Program Files\PuTTY\;C:\WINDOWS\system32;C:\WINDOWS;C:\WINDOWS\System32\Wbem;C:\WINDOWS\System32\WindowsPowerShell\v1.0\;C:\WINDOWS\System32\OpenSSH\;C:\composer;C:\wamp64\bin\php\php8.1.0;C:\Program Files\nodejs\;C:\Program Files\PowerShell\7\;C:\Program Files\Docker\Docker\resources\bin;C:\Program Files\PowerShell\7-preview\preview;C:\Users\Samir\scoop\shims;C:\Users\Samir\AppData\Local\Microsoft\WindowsApps;C:\Users\Samir\AppData\Local\Programs\Microsoft VS Code\bin;C:\Users\Samir\AppData\Local\GitHubDesktop\bin;C:\Users\Samir\AppData\Roaming\Composer\vendor\bin;C:\wamp64\bin\php\php8.1.0;C:\Users\Samir\AppData\Roaming\npm;C:\Users\Samir\AppData\Local\Programs\Hyper\resources\bin;C:\Program Files\sfdx\bin;C:\Program Files\Java\jdk-17\bin;

Yarn version: 
  1.22.19

Node version: 
  16.17.1

Platform: 
  win32 x64

Trace: 
  SyntaxError: C:\Users\Samir\Desktop\IIM A3\Strapi\react-frontend\package.json: Unexpected token } in JSON at position 406
      at JSON.parse (<anonymous>)
      at C:\Users\Samir\AppData\Roaming\npm\node_modules\yarn\lib\cli.js:1629:59
      at Generator.next (<anonymous>)
      at step (C:\Users\Samir\AppData\Roaming\npm\node_modules\yarn\lib\cli.js:310:30)
      at C:\Users\Samir\AppData\Roaming\npm\node_modules\yarn\lib\cli.js:321:13

npm manifest: 
  {
    "name": "react-frontend",
    "version": "0.1.0",
    "private": true,
    "dependencies": {
      "@testing-library/jest-dom": "^5.14.1",
      "@testing-library/react": "^13.0.0",
      "@testing-library/user-event": "^13.2.1",
      "react": "^18.2.0",
      "react-dom": "^18.2.0",
      "react-router": "^6.10.0",
      "react-router-dom": "^6.10.0",
      "react-scripts": "^2.1.3",
      "web-vitals": "^2.1.0",
      
    },
    "scripts": {
      "start": "react-scripts start",
      "build": "react-scripts build",
      "test": "react-scripts test",
      "eject": "react-scripts eject"
    },
    "eslintConfig": {
      "extends": [
        "react-app",
        "react-app/jest"
      ]
    },
    "browserslist": {
      "production": [
        ">0.2%",
        "not dead",
        "not op_mini all"
      ],
      "development": [
        "last 1 chrome version",
        "last 1 firefox version",
        "last 1 safari version"
      ]
    }
  }

yarn manifest: 
  No manifest

Lockfile: 
  No lockfile
